{"C:\\Users\\Leon\\Downloads\\Desafio\\src\\caixa-da-lanchonete.js": {"path":"C:\\Users\\Leon\\Downloads\\Desafio\\src\\caixa-da-lanchonete.js","all":false,"statementMap":{"0":{"start":{"line":1,"column":0},"end":{"line":1,"column":25}},"1":{"start":{"line":2,"column":0},"end":{"line":2,"column":19}},"2":{"start":{"line":3,"column":0},"end":{"line":3,"column":25}},"3":{"start":{"line":4,"column":0},"end":{"line":4,"column":69}},"4":{"start":{"line":5,"column":0},"end":{"line":5,"column":110}},"5":{"start":{"line":6,"column":0},"end":{"line":6,"column":77}},"6":{"start":{"line":7,"column":0},"end":{"line":7,"column":79}},"7":{"start":{"line":8,"column":0},"end":{"line":8,"column":116}},"8":{"start":{"line":9,"column":0},"end":{"line":9,"column":75}},"9":{"start":{"line":10,"column":0},"end":{"line":10,"column":87}},"10":{"start":{"line":11,"column":0},"end":{"line":11,"column":86}},"11":{"start":{"line":12,"column":0},"end":{"line":12,"column":10}},"12":{"start":{"line":13,"column":0},"end":{"line":13,"column":0}},"13":{"start":{"line":14,"column":0},"end":{"line":14,"column":67}},"14":{"start":{"line":15,"column":0},"end":{"line":15,"column":5}},"15":{"start":{"line":16,"column":0},"end":{"line":16,"column":0}},"16":{"start":{"line":17,"column":0},"end":{"line":17,"column":53}},"17":{"start":{"line":18,"column":0},"end":{"line":18,"column":66}},"18":{"start":{"line":19,"column":0},"end":{"line":19,"column":50}},"19":{"start":{"line":20,"column":0},"end":{"line":20,"column":9}},"20":{"start":{"line":21,"column":0},"end":{"line":21,"column":0}},"21":{"start":{"line":22,"column":0},"end":{"line":22,"column":33}},"22":{"start":{"line":23,"column":0},"end":{"line":23,"column":57}},"23":{"start":{"line":24,"column":0},"end":{"line":24,"column":9}},"24":{"start":{"line":25,"column":0},"end":{"line":25,"column":0}},"25":{"start":{"line":26,"column":0},"end":{"line":26,"column":22}},"26":{"start":{"line":27,"column":0},"end":{"line":27,"column":55}},"27":{"start":{"line":28,"column":0},"end":{"line":28,"column":0}},"28":{"start":{"line":29,"column":0},"end":{"line":29,"column":35}},"29":{"start":{"line":30,"column":0},"end":{"line":30,"column":57}},"30":{"start":{"line":31,"column":0},"end":{"line":31,"column":0}},"31":{"start":{"line":32,"column":0},"end":{"line":32,"column":42}},"32":{"start":{"line":33,"column":0},"end":{"line":33,"column":38}},"33":{"start":{"line":34,"column":0},"end":{"line":34,"column":50}},"34":{"start":{"line":35,"column":0},"end":{"line":35,"column":17}},"35":{"start":{"line":36,"column":0},"end":{"line":36,"column":56}},"36":{"start":{"line":37,"column":0},"end":{"line":37,"column":0}},"37":{"start":{"line":38,"column":0},"end":{"line":38,"column":67}},"38":{"start":{"line":39,"column":0},"end":{"line":39,"column":0}},"39":{"start":{"line":40,"column":0},"end":{"line":40,"column":87}},"40":{"start":{"line":41,"column":0},"end":{"line":41,"column":76}},"41":{"start":{"line":42,"column":0},"end":{"line":42,"column":17}},"42":{"start":{"line":43,"column":0},"end":{"line":43,"column":0}},"43":{"start":{"line":44,"column":0},"end":{"line":44,"column":20}},"44":{"start":{"line":45,"column":0},"end":{"line":45,"column":40}},"45":{"start":{"line":46,"column":0},"end":{"line":46,"column":13}},"46":{"start":{"line":47,"column":0},"end":{"line":47,"column":9}},"47":{"start":{"line":48,"column":0},"end":{"line":48,"column":0}},"48":{"start":{"line":49,"column":0},"end":{"line":49,"column":47}},"49":{"start":{"line":50,"column":0},"end":{"line":50,"column":44}},"50":{"start":{"line":51,"column":0},"end":{"line":51,"column":53}},"51":{"start":{"line":52,"column":0},"end":{"line":52,"column":45}},"52":{"start":{"line":53,"column":0},"end":{"line":53,"column":9}},"53":{"start":{"line":54,"column":0},"end":{"line":54,"column":0}},"54":{"start":{"line":55,"column":0},"end":{"line":55,"column":58}},"55":{"start":{"line":56,"column":0},"end":{"line":56,"column":5}},"56":{"start":{"line":57,"column":0},"end":{"line":57,"column":1}},"57":{"start":{"line":58,"column":0},"end":{"line":58,"column":0}},"58":{"start":{"line":59,"column":0},"end":{"line":59,"column":29}}},"s":{"0":1,"1":1,"2":19,"3":19,"4":19,"5":19,"6":19,"7":19,"8":19,"9":19,"10":19,"11":19,"12":19,"13":19,"14":19,"15":1,"16":1,"17":19,"18":1,"19":1,"20":18,"21":19,"22":3,"23":3,"24":15,"25":15,"26":15,"27":15,"28":19,"29":26,"30":26,"31":26,"32":24,"33":1,"34":1,"35":23,"36":23,"37":23,"38":23,"39":24,"40":4,"41":4,"42":24,"43":26,"44":2,"45":2,"46":26,"47":8,"48":19,"49":2,"50":19,"51":3,"52":3,"53":8,"54":8,"55":8,"56":1,"57":1,"58":1},"branchMap":{"0":{"type":"branch","line":2,"loc":{"start":{"line":2,"column":4},"end":{"line":15,"column":5}},"locations":[{"start":{"line":2,"column":4},"end":{"line":15,"column":5}}]},"1":{"type":"branch","line":17,"loc":{"start":{"line":17,"column":4},"end":{"line":56,"column":5}},"locations":[{"start":{"line":17,"column":4},"end":{"line":56,"column":5}}]},"2":{"type":"branch","line":18,"loc":{"start":{"line":18,"column":65},"end":{"line":20,"column":9}},"locations":[{"start":{"line":18,"column":65},"end":{"line":20,"column":9}}]},"3":{"type":"branch","line":20,"loc":{"start":{"line":20,"column":8},"end":{"line":22,"column":32}},"locations":[{"start":{"line":20,"column":8},"end":{"line":22,"column":32}}]},"4":{"type":"branch","line":22,"loc":{"start":{"line":22,"column":32},"end":{"line":24,"column":9}},"locations":[{"start":{"line":22,"column":32},"end":{"line":24,"column":9}}]},"5":{"type":"branch","line":24,"loc":{"start":{"line":24,"column":8},"end":{"line":29,"column":34}},"locations":[{"start":{"line":24,"column":8},"end":{"line":29,"column":34}}]},"6":{"type":"branch","line":29,"loc":{"start":{"line":29,"column":34},"end":{"line":47,"column":9}},"locations":[{"start":{"line":29,"column":34},"end":{"line":47,"column":9}}]},"7":{"type":"branch","line":32,"loc":{"start":{"line":32,"column":41},"end":{"line":44,"column":13}},"locations":[{"start":{"line":32,"column":41},"end":{"line":44,"column":13}}]},"8":{"type":"branch","line":33,"loc":{"start":{"line":33,"column":37},"end":{"line":35,"column":17}},"locations":[{"start":{"line":33,"column":37},"end":{"line":35,"column":17}}]},"9":{"type":"branch","line":35,"loc":{"start":{"line":35,"column":16},"end":{"line":40,"column":44}},"locations":[{"start":{"line":35,"column":16},"end":{"line":40,"column":44}}]},"10":{"type":"branch","line":40,"loc":{"start":{"line":40,"column":40},"end":{"line":40,"column":84}},"locations":[{"start":{"line":40,"column":40},"end":{"line":40,"column":84}}]},"11":{"type":"branch","line":40,"loc":{"start":{"line":40,"column":86},"end":{"line":42,"column":17}},"locations":[{"start":{"line":40,"column":86},"end":{"line":42,"column":17}}]},"12":{"type":"branch","line":44,"loc":{"start":{"line":44,"column":13},"end":{"line":46,"column":13}},"locations":[{"start":{"line":44,"column":13},"end":{"line":46,"column":13}}]},"13":{"type":"branch","line":47,"loc":{"start":{"line":47,"column":8},"end":{"line":49,"column":46}},"locations":[{"start":{"line":47,"column":8},"end":{"line":49,"column":46}}]},"14":{"type":"branch","line":49,"loc":{"start":{"line":49,"column":46},"end":{"line":51,"column":9}},"locations":[{"start":{"line":49,"column":46},"end":{"line":51,"column":9}}]},"15":{"type":"branch","line":51,"loc":{"start":{"line":51,"column":9},"end":{"line":53,"column":9}},"locations":[{"start":{"line":51,"column":9},"end":{"line":53,"column":9}}]},"16":{"type":"branch","line":51,"loc":{"start":{"line":51,"column":52},"end":{"line":53,"column":9}},"locations":[{"start":{"line":51,"column":52},"end":{"line":53,"column":9}}]},"17":{"type":"branch","line":53,"loc":{"start":{"line":53,"column":8},"end":{"line":56,"column":5}},"locations":[{"start":{"line":53,"column":8},"end":{"line":56,"column":5}}]},"18":{"type":"branch","line":27,"loc":{"start":{"line":27,"column":34},"end":{"line":27,"column":54}},"locations":[{"start":{"line":27,"column":34},"end":{"line":27,"column":54}}]}},"b":{"0":[19],"1":[19],"2":[1],"3":[18],"4":[3],"5":[15],"6":[26],"7":[24],"8":[1],"9":[23],"10":[9],"11":[4],"12":[2],"13":[8],"14":[2],"15":[6],"16":[3],"17":[8],"18":[27]},"fnMap":{"0":{"name":"CaixaDaLanchonete","decl":{"start":{"line":2,"column":4},"end":{"line":15,"column":5}},"loc":{"start":{"line":2,"column":4},"end":{"line":15,"column":5}},"line":2},"1":{"name":"calcularValorDaCompra","decl":{"start":{"line":17,"column":4},"end":{"line":56,"column":5}},"loc":{"start":{"line":17,"column":4},"end":{"line":56,"column":5}},"line":17}},"f":{"0":19,"1":19}}
}
