TN:
SF:src\caixa-da-lanchonete.js
FN:2,CaixaDaLanchonete
FN:17,calcularValorDaCompra
FNF:2
FNH:2
FNDA:19,CaixaDaLanchonete
FNDA:19,calcularValorDaCompra
DA:1,1
DA:2,1
DA:3,19
DA:4,19
DA:5,19
DA:6,19
DA:7,19
DA:8,19
DA:9,19
DA:10,19
DA:11,19
DA:12,19
DA:13,19
DA:14,19
DA:15,19
DA:16,1
DA:17,1
DA:18,19
DA:19,1
DA:20,1
DA:21,18
DA:22,19
DA:23,3
DA:24,3
DA:25,15
DA:26,15
DA:27,15
DA:28,15
DA:29,19
DA:30,26
DA:31,26
DA:32,26
DA:33,24
DA:34,1
DA:35,1
DA:36,23
DA:37,23
DA:38,23
DA:39,23
DA:40,24
DA:41,4
DA:42,4
DA:43,24
DA:44,26
DA:45,2
DA:46,2
DA:47,26
DA:48,8
DA:49,19
DA:50,2
DA:51,19
DA:52,3
DA:53,3
DA:54,8
DA:55,8
DA:56,8
DA:57,1
DA:58,1
DA:59,1
LF:59
LH:59
BRDA:2,0,0,19
BRDA:17,1,0,19
BRDA:18,2,0,1
BRDA:20,3,0,18
BRDA:22,4,0,3
BRDA:24,5,0,15
BRDA:29,6,0,26
BRDA:32,7,0,24
BRDA:33,8,0,1
BRDA:35,9,0,23
BRDA:40,10,0,9
BRDA:40,11,0,4
BRDA:44,12,0,2
BRDA:47,13,0,8
BRDA:49,14,0,2
BRDA:51,15,0,6
BRDA:51,16,0,3
BRDA:53,17,0,8
BRDA:27,18,0,27
BRF:19
BRH:19
end_of_record
